2016-08-11 08:59:19,872 [main] INFO  [org.xm.segword.util.WordConfTools] - 开始加载配置文件
2016-08-11 08:59:19,900 [main] INFO  [org.xm.segword.util.WordConfTools] - 加载配置文件：word.conf
2016-08-11 08:59:19,920 [main] INFO  [org.xm.segword.util.WordConfTools] - 未找到配置文件：word.local.conf
2016-08-11 08:59:19,921 [main] INFO  [org.xm.segword.util.WordConfTools] - 配置文件加载完毕，耗时21 毫秒，配置项数目：33
2016-08-11 08:59:19,921 [main] INFO  [org.xm.segword.util.WordConfTools] - 配置信息：
2016-08-11 08:59:20,125 [main] INFO  [org.xm.segword.util.WordConfTools] - 1、auto.detect=true
2016-08-11 08:59:20,126 [main] INFO  [org.xm.segword.util.WordConfTools] - 2、bigram.double.array.trie.size=5300000
2016-08-11 08:59:20,126 [main] INFO  [org.xm.segword.util.WordConfTools] - 3、bigram.path=classpath:bigram.txt
2016-08-11 08:59:20,126 [main] INFO  [org.xm.segword.util.WordConfTools] - 4、dic.class=org.xm.segword.dictionary.impl.DoubleArrayDictionaryTrie
2016-08-11 08:59:20,126 [main] INFO  [org.xm.segword.util.WordConfTools] - 5、dic.dump.path=
2016-08-11 08:59:20,126 [main] INFO  [org.xm.segword.util.WordConfTools] - 6、dic.path=classpath:dic.txt
2016-08-11 08:59:20,126 [main] INFO  [org.xm.segword.util.WordConfTools] - 7、dictionary.trie.index.size=24000
2016-08-11 08:59:20,126 [main] INFO  [org.xm.segword.util.WordConfTools] - 8、double.array.dictionary.trie.size=2600000
2016-08-11 08:59:20,126 [main] INFO  [org.xm.segword.util.WordConfTools] - 9、intercept.length=16
2016-08-11 08:59:20,126 [main] INFO  [org.xm.segword.util.WordConfTools] - 10、keep.punctuation=false
2016-08-11 08:59:20,126 [main] INFO  [org.xm.segword.util.WordConfTools] - 11、keep.whitespace=false
2016-08-11 08:59:20,126 [main] INFO  [org.xm.segword.util.WordConfTools] - 12、ngram=bigram
2016-08-11 08:59:20,126 [main] INFO  [org.xm.segword.util.WordConfTools] - 13、parallel.seg=true
2016-08-11 08:59:20,126 [main] INFO  [org.xm.segword.util.WordConfTools] - 14、part.of.speech.des.path=classpath:part_of_speech_des.txt
2016-08-11 08:59:20,126 [main] INFO  [org.xm.segword.util.WordConfTools] - 15、part.of.speech.dic.path=classpath:part_of_speech_dic.txt
2016-08-11 08:59:20,126 [main] INFO  [org.xm.segword.util.WordConfTools] - 16、person.name.recognize=true
2016-08-11 08:59:20,127 [main] INFO  [org.xm.segword.util.WordConfTools] - 17、punctuation.path=classpath:punctuation.txt
2016-08-11 08:59:20,127 [main] INFO  [org.xm.segword.util.WordConfTools] - 18、quantifier.path=classpath:quantifier.txt
2016-08-11 08:59:20,127 [main] INFO  [org.xm.segword.util.WordConfTools] - 19、recognition.tool.enabled=true
2016-08-11 08:59:20,127 [main] INFO  [org.xm.segword.util.WordConfTools] - 20、redis.host=localhost
2016-08-11 08:59:20,127 [main] INFO  [org.xm.segword.util.WordConfTools] - 21、redis.port=6379
2016-08-11 08:59:20,127 [main] INFO  [org.xm.segword.util.WordConfTools] - 22、stopwords.path=classpath:stopwords.txt
2016-08-11 08:59:20,127 [main] INFO  [org.xm.segword.util.WordConfTools] - 23、surname.path=classpath:surname.txt
2016-08-11 08:59:20,127 [main] INFO  [org.xm.segword.util.WordConfTools] - 24、tagging.antonym=false
2016-08-11 08:59:20,127 [main] INFO  [org.xm.segword.util.WordConfTools] - 25、tagging.pinyin.acronym=false
2016-08-11 08:59:20,127 [main] INFO  [org.xm.segword.util.WordConfTools] - 26、tagging.pinyin.full=false
2016-08-11 08:59:20,127 [main] INFO  [org.xm.segword.util.WordConfTools] - 27、tagging.synonym=false
2016-08-11 08:59:20,127 [main] INFO  [org.xm.segword.util.WordConfTools] - 28、trigram.double.array.trie.size=9800000
2016-08-11 08:59:20,127 [main] INFO  [org.xm.segword.util.WordConfTools] - 29、trigram.path=classpath:trigram.txt
2016-08-11 08:59:20,127 [main] INFO  [org.xm.segword.util.WordConfTools] - 30、word.antonym.path=classpath:word_antonym.txt
2016-08-11 08:59:20,127 [main] INFO  [org.xm.segword.util.WordConfTools] - 31、word.refine.combine.max.length=3
2016-08-11 08:59:20,128 [main] INFO  [org.xm.segword.util.WordConfTools] - 32、word.refine.path=classpath:word_refine.txt
2016-08-11 08:59:20,128 [main] INFO  [org.xm.segword.util.WordConfTools] - 33、word.synonym.path=classpath:word_synonym.txt
2016-08-11 08:59:20,130 [main] INFO  [org.xm.segword.dictionary.DictionaryFactory] - dic.class=org.xm.segword.dictionary.impl.DoubleArrayDictionaryTrie
2016-08-11 09:00:50,400 [main] INFO  [org.xm.segword.util.WordConfTools] - 开始加载配置文件
2016-08-11 09:00:50,407 [main] INFO  [org.xm.segword.util.WordConfTools] - 加载配置文件：word.conf
2016-08-11 09:00:50,408 [main] INFO  [org.xm.segword.util.WordConfTools] - 未找到配置文件：word.local.conf
2016-08-11 09:00:50,409 [main] INFO  [org.xm.segword.util.WordConfTools] - 配置文件加载完毕，耗时2 毫秒，配置项数目：33
2016-08-11 09:00:50,409 [main] INFO  [org.xm.segword.util.WordConfTools] - 配置信息：
2016-08-11 09:00:50,456 [main] INFO  [org.xm.segword.util.WordConfTools] - 1、auto.detect=true
2016-08-11 09:00:50,457 [main] INFO  [org.xm.segword.util.WordConfTools] - 2、bigram.double.array.trie.size=5300000
2016-08-11 09:00:50,457 [main] INFO  [org.xm.segword.util.WordConfTools] - 3、bigram.path=classpath:bigram.txt
2016-08-11 09:00:50,457 [main] INFO  [org.xm.segword.util.WordConfTools] - 4、dic.class=org.xm.segword.dictionary.impl.DoubleArrayDictionaryTrie
2016-08-11 09:00:50,457 [main] INFO  [org.xm.segword.util.WordConfTools] - 5、dic.dump.path=
2016-08-11 09:00:50,457 [main] INFO  [org.xm.segword.util.WordConfTools] - 6、dic.path=classpath:dic.txt
2016-08-11 09:00:50,457 [main] INFO  [org.xm.segword.util.WordConfTools] - 7、dictionary.trie.index.size=24000
2016-08-11 09:00:50,457 [main] INFO  [org.xm.segword.util.WordConfTools] - 8、double.array.dictionary.trie.size=2600000
2016-08-11 09:00:50,457 [main] INFO  [org.xm.segword.util.WordConfTools] - 9、intercept.length=16
2016-08-11 09:00:50,457 [main] INFO  [org.xm.segword.util.WordConfTools] - 10、keep.punctuation=false
2016-08-11 09:00:50,457 [main] INFO  [org.xm.segword.util.WordConfTools] - 11、keep.whitespace=false
2016-08-11 09:00:50,457 [main] INFO  [org.xm.segword.util.WordConfTools] - 12、ngram=bigram
2016-08-11 09:00:50,457 [main] INFO  [org.xm.segword.util.WordConfTools] - 13、parallel.seg=true
2016-08-11 09:00:50,457 [main] INFO  [org.xm.segword.util.WordConfTools] - 14、part.of.speech.des.path=classpath:part_of_speech_des.txt
2016-08-11 09:00:50,457 [main] INFO  [org.xm.segword.util.WordConfTools] - 15、part.of.speech.dic.path=classpath:part_of_speech_dic.txt
2016-08-11 09:00:50,457 [main] INFO  [org.xm.segword.util.WordConfTools] - 16、person.name.recognize=true
2016-08-11 09:00:50,457 [main] INFO  [org.xm.segword.util.WordConfTools] - 17、punctuation.path=classpath:punctuation.txt
2016-08-11 09:00:50,458 [main] INFO  [org.xm.segword.util.WordConfTools] - 18、quantifier.path=classpath:quantifier.txt
2016-08-11 09:00:50,458 [main] INFO  [org.xm.segword.util.WordConfTools] - 19、recognition.tool.enabled=true
2016-08-11 09:00:50,458 [main] INFO  [org.xm.segword.util.WordConfTools] - 20、redis.host=localhost
2016-08-11 09:00:50,458 [main] INFO  [org.xm.segword.util.WordConfTools] - 21、redis.port=6379
2016-08-11 09:00:50,458 [main] INFO  [org.xm.segword.util.WordConfTools] - 22、stopwords.path=classpath:stopwords.txt
2016-08-11 09:00:50,458 [main] INFO  [org.xm.segword.util.WordConfTools] - 23、surname.path=classpath:surname.txt
2016-08-11 09:00:50,458 [main] INFO  [org.xm.segword.util.WordConfTools] - 24、tagging.antonym=false
2016-08-11 09:00:50,458 [main] INFO  [org.xm.segword.util.WordConfTools] - 25、tagging.pinyin.acronym=false
2016-08-11 09:00:50,458 [main] INFO  [org.xm.segword.util.WordConfTools] - 26、tagging.pinyin.full=false
2016-08-11 09:00:50,458 [main] INFO  [org.xm.segword.util.WordConfTools] - 27、tagging.synonym=false
2016-08-11 09:00:50,458 [main] INFO  [org.xm.segword.util.WordConfTools] - 28、trigram.double.array.trie.size=9800000
2016-08-11 09:00:50,458 [main] INFO  [org.xm.segword.util.WordConfTools] - 29、trigram.path=classpath:trigram.txt
2016-08-11 09:00:50,458 [main] INFO  [org.xm.segword.util.WordConfTools] - 30、word.antonym.path=classpath:word_antonym.txt
2016-08-11 09:00:50,459 [main] INFO  [org.xm.segword.util.WordConfTools] - 31、word.refine.combine.max.length=3
2016-08-11 09:00:50,459 [main] INFO  [org.xm.segword.util.WordConfTools] - 32、word.refine.path=classpath:word_refine.txt
2016-08-11 09:00:50,459 [main] INFO  [org.xm.segword.util.WordConfTools] - 33、word.synonym.path=classpath:word_synonym.txt
2016-08-11 09:00:50,460 [main] INFO  [org.xm.segword.util.AutoDetector] - 开始加载资源
2016-08-11 09:00:50,461 [main] INFO  [org.xm.segword.util.AutoDetector] - classpath:word_refine.txt
2016-08-11 09:00:50,461 [main] INFO  [org.xm.segword.util.AutoDetector] - 类路径资源：word_refine.txt
2016-08-11 09:00:50,461 [main] INFO  [org.xm.segword.util.AutoDetector] - 类路径资源URL：file:/D:/PyCredit/Blog/BlogMath/BlogCode/target/classes/word_refine.txt
2016-08-11 09:00:50,461 [main] INFO  [org.xm.segword.util.AutoDetector] - 加载资源：D:\PyCredit\Blog\BlogMath\BlogCode\target\classes\word_refine.txt
2016-08-11 09:00:50,462 [main] INFO  [org.xm.segword.util.AutoDetector] - 监控文件：D:\PyCredit\Blog\BlogMath\BlogCode\target\classes\word_refine.txt
2016-08-11 09:00:50,473 [main] INFO  [org.xm.segword.util.DirectoryWatcher] - 注册事件：ENTRY_MODIFY
2016-08-11 09:00:50,473 [main] INFO  [org.xm.segword.util.DirectoryWatcher] - 注册事件：ENTRY_DELETE
2016-08-11 09:00:50,585 [main] INFO  [org.xm.segword.util.DirectoryWatcher] - 监控目录:D:\PyCredit\Blog\BlogMath\BlogCode\target\classes
2016-08-11 09:00:50,587 [main] INFO  [org.xm.segword.util.AutoDetector] - 加载资源 4 行
2016-08-11 09:00:50,588 [main] INFO  [org.xm.segword.segmentation.WordRefiner] - 初始化WordRefiner
2016-08-11 09:00:50,588 [main] INFO  [org.xm.segword.segmentation.WordRefiner] - WordRefiner初始化完毕，数据条数：4
2016-08-11 09:00:50,588 [main] INFO  [org.xm.segword.util.AutoDetector] - 完成加载资源，耗时127 毫秒
2016-08-11 09:00:50,589 [main] INFO  [org.xm.segword.segmentation.SegmentationFactory] - 构造分词实现类：org.xm.segword.segmentation.impl.BidirectionalMaximumMatching
2016-08-11 09:00:50,621 [main] INFO  [org.xm.segword.segmentation.SegmentationFactory] - 构造分词实现类失败：
java.lang.ClassNotFoundException: org.xm.segword.segmentation.impl.BidirectionalMaximumMatching
	at java.net.URLClassLoader.findClass(URLClassLoader.java:381) ~[na:1.8.0_91]
	at java.lang.ClassLoader.loadClass(ClassLoader.java:424) ~[na:1.8.0_91]
	at sun.misc.Launcher$AppClassLoader.loadClass(Launcher.java:331) ~[na:1.8.0_91]
	at java.lang.ClassLoader.loadClass(ClassLoader.java:357) ~[na:1.8.0_91]
	at java.lang.Class.forName0(Native Method) ~[na:1.8.0_91]
	at java.lang.Class.forName(Class.java:264) ~[na:1.8.0_91]
	at org.xm.segword.segmentation.SegmentationFactory.getSegmentation(SegmentationFactory.java:46) ~[classes/:na]
	at org.xm.segword.segmentation.WordRefiner.main(WordRefiner.java:199) [classes/:na]
	at sun.reflect.NativeMethodAccessorImpl.invoke0(Native Method) ~[na:1.8.0_91]
	at sun.reflect.NativeMethodAccessorImpl.invoke(NativeMethodAccessorImpl.java:62) ~[na:1.8.0_91]
	at sun.reflect.DelegatingMethodAccessorImpl.invoke(DelegatingMethodAccessorImpl.java:43) ~[na:1.8.0_91]
	at java.lang.reflect.Method.invoke(Method.java:498) ~[na:1.8.0_91]
	at com.intellij.rt.execution.application.AppMain.main(AppMain.java:144) [idea_rt.jar:na]
2016-08-11 09:01:40,875 [main] INFO  [org.xm.segword.util.WordConfTools] - 开始加载配置文件
2016-08-11 09:01:40,881 [main] INFO  [org.xm.segword.util.WordConfTools] - 加载配置文件：word.conf
2016-08-11 09:01:40,888 [main] INFO  [org.xm.segword.util.WordConfTools] - 未找到配置文件：word.local.conf
2016-08-11 09:01:40,890 [main] INFO  [org.xm.segword.util.WordConfTools] - 配置文件加载完毕，耗时9 毫秒，配置项数目：33
2016-08-11 09:01:40,890 [main] INFO  [org.xm.segword.util.WordConfTools] - 配置信息：
2016-08-11 09:01:40,946 [main] INFO  [org.xm.segword.util.WordConfTools] - 1、auto.detect=true
2016-08-11 09:01:40,947 [main] INFO  [org.xm.segword.util.WordConfTools] - 2、bigram.double.array.trie.size=5300000
2016-08-11 09:01:40,947 [main] INFO  [org.xm.segword.util.WordConfTools] - 3、bigram.path=classpath:bigram.txt
2016-08-11 09:01:40,947 [main] INFO  [org.xm.segword.util.WordConfTools] - 4、dic.class=org.xm.segword.dictionary.impl.DoubleArrayDictionaryTrie
2016-08-11 09:01:40,947 [main] INFO  [org.xm.segword.util.WordConfTools] - 5、dic.dump.path=
2016-08-11 09:01:40,947 [main] INFO  [org.xm.segword.util.WordConfTools] - 6、dic.path=classpath:dic.txt
2016-08-11 09:01:40,947 [main] INFO  [org.xm.segword.util.WordConfTools] - 7、dictionary.trie.index.size=24000
2016-08-11 09:01:40,947 [main] INFO  [org.xm.segword.util.WordConfTools] - 8、double.array.dictionary.trie.size=2600000
2016-08-11 09:01:40,947 [main] INFO  [org.xm.segword.util.WordConfTools] - 9、intercept.length=16
2016-08-11 09:01:40,947 [main] INFO  [org.xm.segword.util.WordConfTools] - 10、keep.punctuation=false
2016-08-11 09:01:40,947 [main] INFO  [org.xm.segword.util.WordConfTools] - 11、keep.whitespace=false
2016-08-11 09:01:40,947 [main] INFO  [org.xm.segword.util.WordConfTools] - 12、ngram=bigram
2016-08-11 09:01:40,947 [main] INFO  [org.xm.segword.util.WordConfTools] - 13、parallel.seg=true
2016-08-11 09:01:40,947 [main] INFO  [org.xm.segword.util.WordConfTools] - 14、part.of.speech.des.path=classpath:part_of_speech_des.txt
2016-08-11 09:01:40,948 [main] INFO  [org.xm.segword.util.WordConfTools] - 15、part.of.speech.dic.path=classpath:part_of_speech_dic.txt
2016-08-11 09:01:40,948 [main] INFO  [org.xm.segword.util.WordConfTools] - 16、person.name.recognize=true
2016-08-11 09:01:40,948 [main] INFO  [org.xm.segword.util.WordConfTools] - 17、punctuation.path=classpath:punctuation.txt
2016-08-11 09:01:40,948 [main] INFO  [org.xm.segword.util.WordConfTools] - 18、quantifier.path=classpath:quantifier.txt
2016-08-11 09:01:40,948 [main] INFO  [org.xm.segword.util.WordConfTools] - 19、recognition.tool.enabled=true
2016-08-11 09:01:40,948 [main] INFO  [org.xm.segword.util.WordConfTools] - 20、redis.host=localhost
2016-08-11 09:01:40,948 [main] INFO  [org.xm.segword.util.WordConfTools] - 21、redis.port=6379
2016-08-11 09:01:40,948 [main] INFO  [org.xm.segword.util.WordConfTools] - 22、stopwords.path=classpath:stopwords.txt
2016-08-11 09:01:40,948 [main] INFO  [org.xm.segword.util.WordConfTools] - 23、surname.path=classpath:surname.txt
2016-08-11 09:01:40,948 [main] INFO  [org.xm.segword.util.WordConfTools] - 24、tagging.antonym=false
2016-08-11 09:01:40,948 [main] INFO  [org.xm.segword.util.WordConfTools] - 25、tagging.pinyin.acronym=false
2016-08-11 09:01:40,948 [main] INFO  [org.xm.segword.util.WordConfTools] - 26、tagging.pinyin.full=false
2016-08-11 09:01:40,948 [main] INFO  [org.xm.segword.util.WordConfTools] - 27、tagging.synonym=false
2016-08-11 09:01:40,948 [main] INFO  [org.xm.segword.util.WordConfTools] - 28、trigram.double.array.trie.size=9800000
2016-08-11 09:01:40,948 [main] INFO  [org.xm.segword.util.WordConfTools] - 29、trigram.path=classpath:trigram.txt
2016-08-11 09:01:40,948 [main] INFO  [org.xm.segword.util.WordConfTools] - 30、word.antonym.path=classpath:word_antonym.txt
2016-08-11 09:01:40,948 [main] INFO  [org.xm.segword.util.WordConfTools] - 31、word.refine.combine.max.length=3
2016-08-11 09:01:40,948 [main] INFO  [org.xm.segword.util.WordConfTools] - 32、word.refine.path=classpath:word_refine.txt
2016-08-11 09:01:40,948 [main] INFO  [org.xm.segword.util.WordConfTools] - 33、word.synonym.path=classpath:word_synonym.txt
2016-08-11 09:01:40,950 [main] INFO  [org.xm.segword.util.AutoDetector] - 开始加载资源
2016-08-11 09:01:40,950 [main] INFO  [org.xm.segword.util.AutoDetector] - classpath:word_refine.txt
2016-08-11 09:01:40,951 [main] INFO  [org.xm.segword.util.AutoDetector] - 类路径资源：word_refine.txt
2016-08-11 09:01:40,951 [main] INFO  [org.xm.segword.util.AutoDetector] - 类路径资源URL：file:/D:/PyCredit/Blog/BlogMath/BlogCode/target/classes/word_refine.txt
2016-08-11 09:01:40,951 [main] INFO  [org.xm.segword.util.AutoDetector] - 加载资源：D:\PyCredit\Blog\BlogMath\BlogCode\target\classes\word_refine.txt
2016-08-11 09:01:40,951 [main] INFO  [org.xm.segword.util.AutoDetector] - 监控文件：D:\PyCredit\Blog\BlogMath\BlogCode\target\classes\word_refine.txt
2016-08-11 09:01:40,955 [main] INFO  [org.xm.segword.util.DirectoryWatcher] - 注册事件：ENTRY_MODIFY
2016-08-11 09:01:40,955 [main] INFO  [org.xm.segword.util.DirectoryWatcher] - 注册事件：ENTRY_DELETE
2016-08-11 09:01:40,964 [main] INFO  [org.xm.segword.util.DirectoryWatcher] - 监控目录:D:\PyCredit\Blog\BlogMath\BlogCode\target\classes
2016-08-11 09:01:40,967 [main] INFO  [org.xm.segword.util.AutoDetector] - 加载资源 4 行
2016-08-11 09:01:40,968 [main] INFO  [org.xm.segword.segmentation.WordRefiner] - 初始化WordRefiner
2016-08-11 09:01:40,968 [main] INFO  [org.xm.segword.segmentation.WordRefiner] - WordRefiner初始化完毕，数据条数：4
2016-08-11 09:01:40,968 [main] INFO  [org.xm.segword.util.AutoDetector] - 完成加载资源，耗时18 毫秒
2016-08-11 09:01:40,970 [main] INFO  [org.xm.segword.segmentation.SegmentationFactory] - 构造分词实现类：org.xm.segword.segmentation.impl.BidirectionalMaximumMatching
2016-08-11 09:01:40,975 [main] INFO  [org.xm.segword.segmentation.SegmentationFactory] - 构造分词实现类失败：
java.lang.ClassNotFoundException: org.xm.segword.segmentation.impl.BidirectionalMaximumMatching
	at java.net.URLClassLoader.findClass(URLClassLoader.java:381) ~[na:1.8.0_91]
	at java.lang.ClassLoader.loadClass(ClassLoader.java:424) ~[na:1.8.0_91]
	at sun.misc.Launcher$AppClassLoader.loadClass(Launcher.java:331) ~[na:1.8.0_91]
	at java.lang.ClassLoader.loadClass(ClassLoader.java:357) ~[na:1.8.0_91]
	at java.lang.Class.forName0(Native Method) ~[na:1.8.0_91]
	at java.lang.Class.forName(Class.java:264) ~[na:1.8.0_91]
	at org.xm.segword.segmentation.SegmentationFactory.getSegmentation(SegmentationFactory.java:46) ~[classes/:na]
	at org.xm.segword.segmentation.WordRefiner.main(WordRefiner.java:199) [classes/:na]
	at sun.reflect.NativeMethodAccessorImpl.invoke0(Native Method) ~[na:1.8.0_91]
	at sun.reflect.NativeMethodAccessorImpl.invoke(NativeMethodAccessorImpl.java:62) ~[na:1.8.0_91]
	at sun.reflect.DelegatingMethodAccessorImpl.invoke(DelegatingMethodAccessorImpl.java:43) ~[na:1.8.0_91]
	at java.lang.reflect.Method.invoke(Method.java:498) ~[na:1.8.0_91]
	at com.intellij.rt.execution.application.AppMain.main(AppMain.java:144) [idea_rt.jar:na]
2016-08-11 09:03:49,026 [main] INFO  [org.xm.segword.util.WordConfTools] - 开始加载配置文件
2016-08-11 09:03:49,030 [main] INFO  [org.xm.segword.util.WordConfTools] - 加载配置文件：word.conf
2016-08-11 09:03:49,031 [main] INFO  [org.xm.segword.util.WordConfTools] - 未找到配置文件：word.local.conf
2016-08-11 09:03:49,031 [main] INFO  [org.xm.segword.util.WordConfTools] - 配置文件加载完毕，耗时1 毫秒，配置项数目：33
2016-08-11 09:03:49,031 [main] INFO  [org.xm.segword.util.WordConfTools] - 配置信息：
2016-08-11 09:03:49,074 [main] INFO  [org.xm.segword.util.WordConfTools] - 1、auto.detect=true
2016-08-11 09:03:49,074 [main] INFO  [org.xm.segword.util.WordConfTools] - 2、bigram.double.array.trie.size=5300000
2016-08-11 09:03:49,074 [main] INFO  [org.xm.segword.util.WordConfTools] - 3、bigram.path=classpath:bigram.txt
2016-08-11 09:03:49,074 [main] INFO  [org.xm.segword.util.WordConfTools] - 4、dic.class=org.xm.segword.dictionary.impl.DoubleArrayDictionaryTrie
2016-08-11 09:03:49,074 [main] INFO  [org.xm.segword.util.WordConfTools] - 5、dic.dump.path=
2016-08-11 09:03:49,074 [main] INFO  [org.xm.segword.util.WordConfTools] - 6、dic.path=classpath:dic.txt
2016-08-11 09:03:49,074 [main] INFO  [org.xm.segword.util.WordConfTools] - 7、dictionary.trie.index.size=24000
2016-08-11 09:03:49,074 [main] INFO  [org.xm.segword.util.WordConfTools] - 8、double.array.dictionary.trie.size=2600000
2016-08-11 09:03:49,074 [main] INFO  [org.xm.segword.util.WordConfTools] - 9、intercept.length=16
2016-08-11 09:03:49,074 [main] INFO  [org.xm.segword.util.WordConfTools] - 10、keep.punctuation=false
2016-08-11 09:03:49,074 [main] INFO  [org.xm.segword.util.WordConfTools] - 11、keep.whitespace=false
2016-08-11 09:03:49,074 [main] INFO  [org.xm.segword.util.WordConfTools] - 12、ngram=bigram
2016-08-11 09:03:49,074 [main] INFO  [org.xm.segword.util.WordConfTools] - 13、parallel.seg=true
2016-08-11 09:03:49,075 [main] INFO  [org.xm.segword.util.WordConfTools] - 14、part.of.speech.des.path=classpath:part_of_speech_des.txt
2016-08-11 09:03:49,075 [main] INFO  [org.xm.segword.util.WordConfTools] - 15、part.of.speech.dic.path=classpath:part_of_speech_dic.txt
2016-08-11 09:03:49,075 [main] INFO  [org.xm.segword.util.WordConfTools] - 16、person.name.recognize=true
2016-08-11 09:03:49,075 [main] INFO  [org.xm.segword.util.WordConfTools] - 17、punctuation.path=classpath:punctuation.txt
2016-08-11 09:03:49,075 [main] INFO  [org.xm.segword.util.WordConfTools] - 18、quantifier.path=classpath:quantifier.txt
2016-08-11 09:03:49,075 [main] INFO  [org.xm.segword.util.WordConfTools] - 19、recognition.tool.enabled=true
2016-08-11 09:03:49,075 [main] INFO  [org.xm.segword.util.WordConfTools] - 20、redis.host=localhost
2016-08-11 09:03:49,075 [main] INFO  [org.xm.segword.util.WordConfTools] - 21、redis.port=6379
2016-08-11 09:03:49,075 [main] INFO  [org.xm.segword.util.WordConfTools] - 22、stopwords.path=classpath:stopwords.txt
2016-08-11 09:03:49,075 [main] INFO  [org.xm.segword.util.WordConfTools] - 23、surname.path=classpath:surname.txt
2016-08-11 09:03:49,075 [main] INFO  [org.xm.segword.util.WordConfTools] - 24、tagging.antonym=false
2016-08-11 09:03:49,075 [main] INFO  [org.xm.segword.util.WordConfTools] - 25、tagging.pinyin.acronym=false
2016-08-11 09:03:49,075 [main] INFO  [org.xm.segword.util.WordConfTools] - 26、tagging.pinyin.full=false
2016-08-11 09:03:49,075 [main] INFO  [org.xm.segword.util.WordConfTools] - 27、tagging.synonym=false
2016-08-11 09:03:49,075 [main] INFO  [org.xm.segword.util.WordConfTools] - 28、trigram.double.array.trie.size=9800000
2016-08-11 09:03:49,075 [main] INFO  [org.xm.segword.util.WordConfTools] - 29、trigram.path=classpath:trigram.txt
2016-08-11 09:03:49,075 [main] INFO  [org.xm.segword.util.WordConfTools] - 30、word.antonym.path=classpath:word_antonym.txt
2016-08-11 09:03:49,075 [main] INFO  [org.xm.segword.util.WordConfTools] - 31、word.refine.combine.max.length=3
2016-08-11 09:03:49,075 [main] INFO  [org.xm.segword.util.WordConfTools] - 32、word.refine.path=classpath:word_refine.txt
2016-08-11 09:03:49,075 [main] INFO  [org.xm.segword.util.WordConfTools] - 33、word.synonym.path=classpath:word_synonym.txt
2016-08-11 09:03:49,076 [main] INFO  [org.xm.segword.dictionary.impl.DictionaryTrie] - 初始化词典：org.xm.segword.dictionary.impl.DictionaryTrie
2016-08-11 09:03:49,077 [main] INFO  [org.xm.segword.dictionary.impl.DictionaryTrie] - A
2016-08-11 09:03:49,077 [main] INFO  [org.xm.segword.dictionary.impl.DictionaryTrie] - 	P
2016-08-11 09:03:49,077 [main] INFO  [org.xm.segword.dictionary.impl.DictionaryTrie] - 		D(T)
2016-08-11 09:03:49,078 [main] INFO  [org.xm.segword.dictionary.impl.DictionaryTrie] - 			P
2016-08-11 09:03:49,078 [main] INFO  [org.xm.segword.dictionary.impl.DictionaryTrie] - 				l
2016-08-11 09:03:49,078 [main] INFO  [org.xm.segword.dictionary.impl.DictionaryTrie] - 					a
2016-08-11 09:03:49,078 [main] INFO  [org.xm.segword.dictionary.impl.DictionaryTrie] - 						t(T)
2016-08-11 09:03:49,078 [main] INFO  [org.xm.segword.dictionary.impl.DictionaryTrie] - 		P(T)
2016-08-11 09:03:49,078 [main] INFO  [org.xm.segword.dictionary.impl.DictionaryTrie] - 杨
2016-08-11 09:03:49,078 [main] INFO  [org.xm.segword.dictionary.impl.DictionaryTrie] - 	家
2016-08-11 09:03:49,078 [main] INFO  [org.xm.segword.dictionary.impl.DictionaryTrie] - 		将(T)
2016-08-11 09:03:49,078 [main] INFO  [org.xm.segword.dictionary.impl.DictionaryTrie] - 	尚
2016-08-11 09:03:49,078 [main] INFO  [org.xm.segword.dictionary.impl.DictionaryTrie] - 		喜(T)
2016-08-11 09:03:49,078 [main] INFO  [org.xm.segword.dictionary.impl.DictionaryTrie] - 		川(T)
2016-08-11 09:03:49,078 [main] INFO  [org.xm.segword.dictionary.impl.DictionaryTrie] - 		昆(T)
2016-08-11 09:03:49,079 [main] INFO  [org.xm.segword.dictionary.impl.DictionaryTrie] - 中
2016-08-11 09:03:49,079 [main] INFO  [org.xm.segword.dictionary.impl.DictionaryTrie] - 	华(T)
2016-08-11 09:03:49,079 [main] INFO  [org.xm.segword.dictionary.impl.DictionaryTrie] - 		人
2016-08-11 09:03:49,079 [main] INFO  [org.xm.segword.dictionary.impl.DictionaryTrie] - 			民
2016-08-11 09:03:49,079 [main] INFO  [org.xm.segword.dictionary.impl.DictionaryTrie] - 				共
2016-08-11 09:03:49,079 [main] INFO  [org.xm.segword.dictionary.impl.DictionaryTrie] - 					和
2016-08-11 09:03:49,079 [main] INFO  [org.xm.segword.dictionary.impl.DictionaryTrie] - 						国(T)
2016-08-11 09:03:49,079 [main] INFO  [org.xm.segword.dictionary.impl.DictionaryTrie] - 				打
2016-08-11 09:03:49,079 [main] INFO  [org.xm.segword.dictionary.impl.DictionaryTrie] - 					太
2016-08-11 09:03:49,082 [main] INFO  [org.xm.segword.dictionary.impl.DictionaryTrie] - 						极(T)
2016-08-11 09:03:49,082 [main] INFO  [org.xm.segword.dictionary.impl.DictionaryTrie] - 	心
2016-08-11 09:03:49,082 [main] INFO  [org.xm.segword.dictionary.impl.DictionaryTrie] - 		思
2016-08-11 09:03:49,082 [main] INFO  [org.xm.segword.dictionary.impl.DictionaryTrie] - 			想(T)
2016-08-11 09:03:49,082 [main] INFO  [org.xm.segword.dictionary.impl.DictionaryTrie] - [中华, 中心]
2016-08-11 09:03:49,082 [main] INFO  [org.xm.segword.dictionary.impl.DictionaryTrie] - [中华人]
2016-08-11 09:03:49,082 [main] INFO  [org.xm.segword.dictionary.impl.DictionaryTrie] - [杨家, 杨尚]
2016-08-11 09:03:49,082 [main] INFO  [org.xm.segword.dictionary.impl.DictionaryTrie] - [杨尚喜, 杨尚川, 杨尚昆]
2016-08-11 09:03:58,850 [main] INFO  [org.xm.segword.util.WordConfTools] - 开始加载配置文件
2016-08-11 09:03:58,856 [main] INFO  [org.xm.segword.util.WordConfTools] - 加载配置文件：word.conf
2016-08-11 09:03:58,857 [main] INFO  [org.xm.segword.util.WordConfTools] - 未找到配置文件：word.local.conf
2016-08-11 09:03:58,857 [main] INFO  [org.xm.segword.util.WordConfTools] - 配置文件加载完毕，耗时1 毫秒，配置项数目：33
2016-08-11 09:03:58,857 [main] INFO  [org.xm.segword.util.WordConfTools] - 配置信息：
2016-08-11 09:03:58,907 [main] INFO  [org.xm.segword.util.WordConfTools] - 1、auto.detect=true
2016-08-11 09:03:58,908 [main] INFO  [org.xm.segword.util.WordConfTools] - 2、bigram.double.array.trie.size=5300000
2016-08-11 09:03:58,909 [main] INFO  [org.xm.segword.util.WordConfTools] - 3、bigram.path=classpath:bigram.txt
2016-08-11 09:03:58,909 [main] INFO  [org.xm.segword.util.WordConfTools] - 4、dic.class=org.xm.segword.dictionary.impl.DoubleArrayDictionaryTrie
2016-08-11 09:03:58,909 [main] INFO  [org.xm.segword.util.WordConfTools] - 5、dic.dump.path=
2016-08-11 09:03:58,909 [main] INFO  [org.xm.segword.util.WordConfTools] - 6、dic.path=classpath:dic.txt
2016-08-11 09:03:58,909 [main] INFO  [org.xm.segword.util.WordConfTools] - 7、dictionary.trie.index.size=24000
2016-08-11 09:03:58,909 [main] INFO  [org.xm.segword.util.WordConfTools] - 8、double.array.dictionary.trie.size=2600000
2016-08-11 09:03:58,909 [main] INFO  [org.xm.segword.util.WordConfTools] - 9、intercept.length=16
2016-08-11 09:03:58,909 [main] INFO  [org.xm.segword.util.WordConfTools] - 10、keep.punctuation=false
2016-08-11 09:03:58,909 [main] INFO  [org.xm.segword.util.WordConfTools] - 11、keep.whitespace=false
2016-08-11 09:03:58,909 [main] INFO  [org.xm.segword.util.WordConfTools] - 12、ngram=bigram
2016-08-11 09:03:58,909 [main] INFO  [org.xm.segword.util.WordConfTools] - 13、parallel.seg=true
2016-08-11 09:03:58,909 [main] INFO  [org.xm.segword.util.WordConfTools] - 14、part.of.speech.des.path=classpath:part_of_speech_des.txt
2016-08-11 09:03:58,909 [main] INFO  [org.xm.segword.util.WordConfTools] - 15、part.of.speech.dic.path=classpath:part_of_speech_dic.txt
2016-08-11 09:03:58,909 [main] INFO  [org.xm.segword.util.WordConfTools] - 16、person.name.recognize=true
2016-08-11 09:03:58,910 [main] INFO  [org.xm.segword.util.WordConfTools] - 17、punctuation.path=classpath:punctuation.txt
2016-08-11 09:03:58,910 [main] INFO  [org.xm.segword.util.WordConfTools] - 18、quantifier.path=classpath:quantifier.txt
2016-08-11 09:03:58,910 [main] INFO  [org.xm.segword.util.WordConfTools] - 19、recognition.tool.enabled=true
2016-08-11 09:03:58,910 [main] INFO  [org.xm.segword.util.WordConfTools] - 20、redis.host=localhost
2016-08-11 09:03:58,910 [main] INFO  [org.xm.segword.util.WordConfTools] - 21、redis.port=6379
2016-08-11 09:03:58,910 [main] INFO  [org.xm.segword.util.WordConfTools] - 22、stopwords.path=classpath:stopwords.txt
2016-08-11 09:03:58,910 [main] INFO  [org.xm.segword.util.WordConfTools] - 23、surname.path=classpath:surname.txt
2016-08-11 09:03:58,910 [main] INFO  [org.xm.segword.util.WordConfTools] - 24、tagging.antonym=false
2016-08-11 09:03:58,910 [main] INFO  [org.xm.segword.util.WordConfTools] - 25、tagging.pinyin.acronym=false
2016-08-11 09:03:58,910 [main] INFO  [org.xm.segword.util.WordConfTools] - 26、tagging.pinyin.full=false
2016-08-11 09:03:58,910 [main] INFO  [org.xm.segword.util.WordConfTools] - 27、tagging.synonym=false
2016-08-11 09:03:58,910 [main] INFO  [org.xm.segword.util.WordConfTools] - 28、trigram.double.array.trie.size=9800000
2016-08-11 09:03:58,910 [main] INFO  [org.xm.segword.util.WordConfTools] - 29、trigram.path=classpath:trigram.txt
2016-08-11 09:03:58,910 [main] INFO  [org.xm.segword.util.WordConfTools] - 30、word.antonym.path=classpath:word_antonym.txt
2016-08-11 09:03:58,910 [main] INFO  [org.xm.segword.util.WordConfTools] - 31、word.refine.combine.max.length=3
2016-08-11 09:03:58,911 [main] INFO  [org.xm.segword.util.WordConfTools] - 32、word.refine.path=classpath:word_refine.txt
2016-08-11 09:03:58,911 [main] INFO  [org.xm.segword.util.WordConfTools] - 33、word.synonym.path=classpath:word_synonym.txt
2016-08-11 09:03:58,912 [main] INFO  [org.xm.segword.dictionary.DictionaryFactory] - dic.class=org.xm.segword.dictionary.impl.DoubleArrayDictionaryTrie
2016-08-11 09:08:24,691 [main] INFO  [org.xm.segword.util.WordConfTools] - 开始加载配置文件
2016-08-11 09:08:24,694 [main] INFO  [org.xm.segword.util.WordConfTools] - 加载配置文件：word.conf
2016-08-11 09:08:24,696 [main] INFO  [org.xm.segword.util.WordConfTools] - 未找到配置文件：word.local.conf
2016-08-11 09:08:24,696 [main] INFO  [org.xm.segword.util.WordConfTools] - 配置文件加载完毕，耗时2 毫秒，配置项数目：33
2016-08-11 09:08:24,696 [main] INFO  [org.xm.segword.util.WordConfTools] - 配置信息：
2016-08-11 09:08:24,743 [main] INFO  [org.xm.segword.util.WordConfTools] - 1、auto.detect=true
2016-08-11 09:08:24,743 [main] INFO  [org.xm.segword.util.WordConfTools] - 2、bigram.double.array.trie.size=5300000
2016-08-11 09:08:24,743 [main] INFO  [org.xm.segword.util.WordConfTools] - 3、bigram.path=classpath:bigram.txt
2016-08-11 09:08:24,743 [main] INFO  [org.xm.segword.util.WordConfTools] - 4、dic.class=org.xm.segword.dictionary.impl.DoubleArrayDictionaryTrie
2016-08-11 09:08:24,743 [main] INFO  [org.xm.segword.util.WordConfTools] - 5、dic.dump.path=
2016-08-11 09:08:24,743 [main] INFO  [org.xm.segword.util.WordConfTools] - 6、dic.path=classpath:dic.txt
2016-08-11 09:08:24,744 [main] INFO  [org.xm.segword.util.WordConfTools] - 7、dictionary.trie.index.size=24000
2016-08-11 09:08:24,744 [main] INFO  [org.xm.segword.util.WordConfTools] - 8、double.array.dictionary.trie.size=2600000
2016-08-11 09:08:24,744 [main] INFO  [org.xm.segword.util.WordConfTools] - 9、intercept.length=16
2016-08-11 09:08:24,744 [main] INFO  [org.xm.segword.util.WordConfTools] - 10、keep.punctuation=false
2016-08-11 09:08:24,744 [main] INFO  [org.xm.segword.util.WordConfTools] - 11、keep.whitespace=false
2016-08-11 09:08:24,744 [main] INFO  [org.xm.segword.util.WordConfTools] - 12、ngram=bigram
2016-08-11 09:08:24,744 [main] INFO  [org.xm.segword.util.WordConfTools] - 13、parallel.seg=true
2016-08-11 09:08:24,744 [main] INFO  [org.xm.segword.util.WordConfTools] - 14、part.of.speech.des.path=classpath:part_of_speech_des.txt
2016-08-11 09:08:24,744 [main] INFO  [org.xm.segword.util.WordConfTools] - 15、part.of.speech.dic.path=classpath:part_of_speech_dic.txt
2016-08-11 09:08:24,744 [main] INFO  [org.xm.segword.util.WordConfTools] - 16、person.name.recognize=true
2016-08-11 09:08:24,744 [main] INFO  [org.xm.segword.util.WordConfTools] - 17、punctuation.path=classpath:punctuation.txt
2016-08-11 09:08:24,744 [main] INFO  [org.xm.segword.util.WordConfTools] - 18、quantifier.path=classpath:quantifier.txt
2016-08-11 09:08:24,744 [main] INFO  [org.xm.segword.util.WordConfTools] - 19、recognition.tool.enabled=true
2016-08-11 09:08:24,744 [main] INFO  [org.xm.segword.util.WordConfTools] - 20、redis.host=localhost
2016-08-11 09:08:24,745 [main] INFO  [org.xm.segword.util.WordConfTools] - 21、redis.port=6379
2016-08-11 09:08:24,745 [main] INFO  [org.xm.segword.util.WordConfTools] - 22、stopwords.path=classpath:stopwords.txt
2016-08-11 09:08:24,745 [main] INFO  [org.xm.segword.util.WordConfTools] - 23、surname.path=classpath:surname.txt
2016-08-11 09:08:24,745 [main] INFO  [org.xm.segword.util.WordConfTools] - 24、tagging.antonym=false
2016-08-11 09:08:24,745 [main] INFO  [org.xm.segword.util.WordConfTools] - 25、tagging.pinyin.acronym=false
2016-08-11 09:08:24,745 [main] INFO  [org.xm.segword.util.WordConfTools] - 26、tagging.pinyin.full=false
2016-08-11 09:08:24,745 [main] INFO  [org.xm.segword.util.WordConfTools] - 27、tagging.synonym=false
2016-08-11 09:08:24,745 [main] INFO  [org.xm.segword.util.WordConfTools] - 28、trigram.double.array.trie.size=9800000
2016-08-11 09:08:24,745 [main] INFO  [org.xm.segword.util.WordConfTools] - 29、trigram.path=classpath:trigram.txt
2016-08-11 09:08:24,745 [main] INFO  [org.xm.segword.util.WordConfTools] - 30、word.antonym.path=classpath:word_antonym.txt
2016-08-11 09:08:24,745 [main] INFO  [org.xm.segword.util.WordConfTools] - 31、word.refine.combine.max.length=3
2016-08-11 09:08:24,745 [main] INFO  [org.xm.segword.util.WordConfTools] - 32、word.refine.path=classpath:word_refine.txt
2016-08-11 09:08:24,745 [main] INFO  [org.xm.segword.util.WordConfTools] - 33、word.synonym.path=classpath:word_synonym.txt
2016-08-11 09:08:24,747 [main] INFO  [org.xm.segword.dictionary.DictionaryFactory] - dic.class=org.xm.segword.dictionary.impl.DoubleArrayDictionaryTrie
2016-08-11 09:08:24,748 [main] INFO  [org.xm.segword.dictionary.impl.DoubleArrayDictionaryTrie] - 初始化词典：org.xm.segword.dictionary.impl.DoubleArrayDictionaryTrie
2016-08-11 09:08:24,750 [main] INFO  [org.xm.segword.util.AutoDetector] - 开始加载资源
2016-08-11 09:08:24,750 [main] INFO  [org.xm.segword.util.AutoDetector] - classpath:dic.txt,classpath:punctuation.txt,classpath:part_of_speech_dic.txt,classpath:word_synonym.txt,classpath:word_antonym.txt
2016-08-11 09:08:24,751 [main] INFO  [org.xm.segword.util.AutoDetector] - 类路径资源：dic.txt
2016-08-11 09:08:24,751 [main] INFO  [org.xm.segword.util.AutoDetector] - 类路径资源URL：file:/D:/PyCredit/Blog/BlogMath/BlogCode/target/classes/dic.txt
2016-08-11 09:08:24,751 [main] INFO  [org.xm.segword.util.AutoDetector] - 加载资源：D:\PyCredit\Blog\BlogMath\BlogCode\target\classes\dic.txt
2016-08-11 09:08:25,177 [main] INFO  [org.xm.segword.util.AutoDetector] - 监控文件：D:\PyCredit\Blog\BlogMath\BlogCode\target\classes\dic.txt
2016-08-11 09:08:25,180 [main] INFO  [org.xm.segword.util.DirectoryWatcher] - 注册事件：ENTRY_MODIFY
2016-08-11 09:08:25,181 [main] INFO  [org.xm.segword.util.DirectoryWatcher] - 注册事件：ENTRY_DELETE
2016-08-11 09:08:25,193 [main] INFO  [org.xm.segword.util.DirectoryWatcher] - 监控目录:D:\PyCredit\Blog\BlogMath\BlogCode\target\classes
2016-08-11 09:08:25,216 [main] INFO  [org.xm.segword.util.AutoDetector] - 类路径资源：punctuation.txt
2016-08-11 09:08:25,216 [main] INFO  [org.xm.segword.util.AutoDetector] - 类路径资源URL：file:/D:/PyCredit/Blog/BlogMath/BlogCode/target/classes/punctuation.txt
2016-08-11 09:08:25,217 [main] INFO  [org.xm.segword.util.AutoDetector] - 加载资源：D:\PyCredit\Blog\BlogMath\BlogCode\target\classes\punctuation.txt
2016-08-11 09:08:25,217 [main] INFO  [org.xm.segword.util.AutoDetector] - 监控文件：D:\PyCredit\Blog\BlogMath\BlogCode\target\classes\punctuation.txt
2016-08-11 09:08:25,218 [main] INFO  [org.xm.segword.util.DirectoryWatcher] - 注册事件：ENTRY_MODIFY
2016-08-11 09:08:25,218 [main] INFO  [org.xm.segword.util.DirectoryWatcher] - 注册事件：ENTRY_DELETE
2016-08-11 09:08:25,219 [main] INFO  [org.xm.segword.util.DirectoryWatcher] - 监控目录:D:\PyCredit\Blog\BlogMath\BlogCode\target\classes
2016-08-11 09:08:25,222 [main] INFO  [org.xm.segword.util.AutoDetector] - 类路径资源：part_of_speech_dic.txt
2016-08-11 09:08:25,222 [main] INFO  [org.xm.segword.util.AutoDetector] - 类路径资源URL：file:/D:/PyCredit/Blog/BlogMath/BlogCode/target/classes/part_of_speech_dic.txt
2016-08-11 09:08:25,222 [main] INFO  [org.xm.segword.util.AutoDetector] - 加载资源：D:\PyCredit\Blog\BlogMath\BlogCode\target\classes\part_of_speech_dic.txt
2016-08-11 09:08:25,688 [main] INFO  [org.xm.segword.util.AutoDetector] - 监控文件：D:\PyCredit\Blog\BlogMath\BlogCode\target\classes\part_of_speech_dic.txt
2016-08-11 09:08:25,689 [main] INFO  [org.xm.segword.util.DirectoryWatcher] - 注册事件：ENTRY_MODIFY
2016-08-11 09:08:25,689 [main] INFO  [org.xm.segword.util.DirectoryWatcher] - 注册事件：ENTRY_DELETE
2016-08-11 09:08:25,689 [main] INFO  [org.xm.segword.util.DirectoryWatcher] - 监控目录:D:\PyCredit\Blog\BlogMath\BlogCode\target\classes
2016-08-11 09:08:25,699 [main] INFO  [org.xm.segword.util.AutoDetector] - 类路径资源：word_synonym.txt
2016-08-11 09:08:25,699 [main] INFO  [org.xm.segword.util.AutoDetector] - 类路径资源URL：file:/D:/PyCredit/Blog/BlogMath/BlogCode/target/classes/word_synonym.txt
2016-08-11 09:08:25,699 [main] INFO  [org.xm.segword.util.AutoDetector] - 加载资源：D:\PyCredit\Blog\BlogMath\BlogCode\target\classes\word_synonym.txt
2016-08-11 09:08:25,703 [main] INFO  [org.xm.segword.util.AutoDetector] - 监控文件：D:\PyCredit\Blog\BlogMath\BlogCode\target\classes\word_synonym.txt
2016-08-11 09:08:25,703 [main] INFO  [org.xm.segword.util.DirectoryWatcher] - 注册事件：ENTRY_MODIFY
2016-08-11 09:08:25,703 [main] INFO  [org.xm.segword.util.DirectoryWatcher] - 注册事件：ENTRY_DELETE
2016-08-11 09:08:25,704 [main] INFO  [org.xm.segword.util.DirectoryWatcher] - 监控目录:D:\PyCredit\Blog\BlogMath\BlogCode\target\classes
2016-08-11 09:08:25,705 [main] INFO  [org.xm.segword.util.AutoDetector] - 类路径资源：word_antonym.txt
2016-08-11 09:08:25,705 [main] INFO  [org.xm.segword.util.AutoDetector] - 类路径资源URL：file:/D:/PyCredit/Blog/BlogMath/BlogCode/target/classes/word_antonym.txt
2016-08-11 09:08:25,705 [main] INFO  [org.xm.segword.util.AutoDetector] - 加载资源：D:\PyCredit\Blog\BlogMath\BlogCode\target\classes\word_antonym.txt
2016-08-11 09:08:25,707 [main] INFO  [org.xm.segword.util.AutoDetector] - 监控文件：D:\PyCredit\Blog\BlogMath\BlogCode\target\classes\word_antonym.txt
2016-08-11 09:08:25,708 [main] INFO  [org.xm.segword.util.DirectoryWatcher] - 注册事件：ENTRY_MODIFY
2016-08-11 09:08:25,708 [main] INFO  [org.xm.segword.util.DirectoryWatcher] - 注册事件：ENTRY_DELETE
2016-08-11 09:08:25,708 [main] INFO  [org.xm.segword.util.DirectoryWatcher] - 监控目录:D:\PyCredit\Blog\BlogMath\BlogCode\target\classes
2016-08-11 09:08:25,709 [main] INFO  [org.xm.segword.util.AutoDetector] - 加载资源 1091310 行
2016-08-11 09:08:25,709 [main] INFO  [org.xm.segword.dictionary.DictionaryFactory] - 初始化词典
2016-08-11 09:08:25,713 [main] INFO  [org.xm.segword.util.AutoDetector] - 开始加载资源
2016-08-11 09:08:25,713 [main] INFO  [org.xm.segword.util.AutoDetector] - classpath:surname.txt
2016-08-11 09:08:25,713 [main] INFO  [org.xm.segword.util.AutoDetector] - 类路径资源：surname.txt
2016-08-11 09:08:25,713 [main] INFO  [org.xm.segword.util.AutoDetector] - 类路径资源URL：file:/D:/PyCredit/Blog/BlogMath/BlogCode/target/classes/surname.txt
2016-08-11 09:08:25,714 [main] INFO  [org.xm.segword.util.AutoDetector] - 加载资源：D:\PyCredit\Blog\BlogMath\BlogCode\target\classes\surname.txt
2016-08-11 09:08:25,715 [main] INFO  [org.xm.segword.util.AutoDetector] - 监控文件：D:\PyCredit\Blog\BlogMath\BlogCode\target\classes\surname.txt
2016-08-11 09:08:25,715 [main] INFO  [org.xm.segword.util.DirectoryWatcher] - 注册事件：ENTRY_MODIFY
2016-08-11 09:08:25,715 [main] INFO  [org.xm.segword.util.DirectoryWatcher] - 注册事件：ENTRY_DELETE
2016-08-11 09:08:25,715 [main] INFO  [org.xm.segword.util.DirectoryWatcher] - 监控目录:D:\PyCredit\Blog\BlogMath\BlogCode\target\classes
2016-08-11 09:08:25,717 [main] INFO  [org.xm.segword.util.AutoDetector] - 加载资源 508 行
2016-08-11 09:08:25,717 [main] INFO  [org.xm.segword.recognition.PersonName] - 初始化百家姓
2016-08-11 09:08:25,717 [main] INFO  [org.xm.segword.recognition.PersonName] - 百家姓初始化完毕，单姓个数：446，复姓个数：60
2016-08-11 09:08:25,718 [main] INFO  [org.xm.segword.util.AutoDetector] - 完成加载资源，耗时5 毫秒
2016-08-11 09:08:25,718 [main] INFO  [org.xm.segword.dictionary.DictionaryFactory] - 将 60 个复姓加入词典
2016-08-11 09:08:37,915 [main] INFO  [org.xm.segword.dictionary.DictionaryFactory] - 词数目：677844，词典最大词长：16
2016-08-11 09:08:37,916 [main] INFO  [org.xm.segword.dictionary.DictionaryFactory] - 词长  1 的词数为：47
2016-08-11 09:08:37,916 [main] INFO  [org.xm.segword.dictionary.DictionaryFactory] - 词长  2 的词数为：213334
2016-08-11 09:08:37,916 [main] INFO  [org.xm.segword.dictionary.DictionaryFactory] - 词长  3 的词数为：289749
2016-08-11 09:08:37,916 [main] INFO  [org.xm.segword.dictionary.DictionaryFactory] - 词长  4 的词数为：158964
2016-08-11 09:08:37,916 [main] INFO  [org.xm.segword.dictionary.DictionaryFactory] - 词长  5 的词数为：6139
2016-08-11 09:08:37,916 [main] INFO  [org.xm.segword.dictionary.DictionaryFactory] - 词长  6 的词数为：3746
2016-08-11 09:08:37,916 [main] INFO  [org.xm.segword.dictionary.DictionaryFactory] - 词长  7 的词数为：2205
2016-08-11 09:08:37,916 [main] INFO  [org.xm.segword.dictionary.DictionaryFactory] - 词长  8 的词数为：1321
2016-08-11 09:08:37,916 [main] INFO  [org.xm.segword.dictionary.DictionaryFactory] - 词长  9 的词数为：797
2016-08-11 09:08:37,916 [main] INFO  [org.xm.segword.dictionary.DictionaryFactory] - 词长 10 的词数为：632
2016-08-11 09:08:37,916 [main] INFO  [org.xm.segword.dictionary.DictionaryFactory] - 词长 11 的词数为：312
2016-08-11 09:08:37,916 [main] INFO  [org.xm.segword.dictionary.DictionaryFactory] - 词长 12 的词数为：282
2016-08-11 09:08:37,916 [main] INFO  [org.xm.segword.dictionary.DictionaryFactory] - 词长 13 的词数为：124
2016-08-11 09:08:37,916 [main] INFO  [org.xm.segword.dictionary.DictionaryFactory] - 词长 14 的词数为：116
2016-08-11 09:08:37,916 [main] INFO  [org.xm.segword.dictionary.DictionaryFactory] - 词长 15 的词数为：51
2016-08-11 09:08:37,916 [main] INFO  [org.xm.segword.dictionary.DictionaryFactory] - 词长 16 的词数为：25
2016-08-11 09:08:37,929 [main] INFO  [org.xm.segword.dictionary.DictionaryFactory] - 词典平均词长：3.0032012
2016-08-11 09:08:38,081 [main] INFO  [org.xm.segword.dictionary.DictionaryFactory] - 词典初始化完毕，耗时：12372 毫秒
2016-08-11 09:08:38,081 [main] INFO  [org.xm.segword.util.AutoDetector] - 完成加载资源，耗时13331 毫秒
2016-08-11 09:08:38,084 [main] INFO  [org.xm.segword.util.AutoDetector] - 开始加载资源
2016-08-11 09:08:38,084 [main] INFO  [org.xm.segword.util.AutoDetector] - classpath:punctuation.txt
2016-08-11 09:08:38,084 [main] INFO  [org.xm.segword.util.AutoDetector] - 类路径资源：punctuation.txt
2016-08-11 09:08:38,084 [main] INFO  [org.xm.segword.util.AutoDetector] - 类路径资源URL：file:/D:/PyCredit/Blog/BlogMath/BlogCode/target/classes/punctuation.txt
2016-08-11 09:08:38,084 [main] INFO  [org.xm.segword.util.AutoDetector] - 加载资源：D:\PyCredit\Blog\BlogMath\BlogCode\target\classes\punctuation.txt
2016-08-11 09:08:38,085 [main] INFO  [org.xm.segword.util.AutoDetector] - 加载资源 48 行
2016-08-11 09:08:38,085 [main] INFO  [org.xm.segword.recognition.Punctuation] - 初始化标点符号
2016-08-11 09:08:38,085 [main] INFO  [org.xm.segword.recognition.Punctuation] - 标点符号初始化完毕，标点符号个数：52
2016-08-11 09:08:38,085 [main] INFO  [org.xm.segword.util.AutoDetector] - 完成加载资源，耗时1 毫秒
2016-08-11 09:08:38,112 [ForkJoinPool.commonPool-worker-1] INFO  [org.xm.segword.util.AutoDetector] - 开始加载资源
2016-08-11 09:08:38,112 [ForkJoinPool.commonPool-worker-1] INFO  [org.xm.segword.util.AutoDetector] - classpath:quantifier.txt
2016-08-11 09:08:38,112 [ForkJoinPool.commonPool-worker-1] INFO  [org.xm.segword.util.AutoDetector] - 类路径资源：quantifier.txt
2016-08-11 09:08:38,113 [ForkJoinPool.commonPool-worker-1] INFO  [org.xm.segword.util.AutoDetector] - 类路径资源URL：file:/D:/PyCredit/Blog/BlogMath/BlogCode/target/classes/quantifier.txt
2016-08-11 09:08:38,113 [ForkJoinPool.commonPool-worker-1] INFO  [org.xm.segword.util.AutoDetector] - 加载资源：D:\PyCredit\Blog\BlogMath\BlogCode\target\classes\quantifier.txt
2016-08-11 09:08:38,113 [ForkJoinPool.commonPool-worker-1] INFO  [org.xm.segword.util.AutoDetector] - 监控文件：D:\PyCredit\Blog\BlogMath\BlogCode\target\classes\quantifier.txt
2016-08-11 09:08:38,113 [ForkJoinPool.commonPool-worker-1] INFO  [org.xm.segword.util.DirectoryWatcher] - 注册事件：ENTRY_MODIFY
2016-08-11 09:08:38,113 [ForkJoinPool.commonPool-worker-1] INFO  [org.xm.segword.util.DirectoryWatcher] - 注册事件：ENTRY_DELETE
2016-08-11 09:08:38,113 [ForkJoinPool.commonPool-worker-1] INFO  [org.xm.segword.util.DirectoryWatcher] - 监控目录:D:\PyCredit\Blog\BlogMath\BlogCode\target\classes
2016-08-11 09:08:38,114 [ForkJoinPool.commonPool-worker-1] INFO  [org.xm.segword.util.AutoDetector] - 加载资源 164 行
2016-08-11 09:08:38,114 [ForkJoinPool.commonPool-worker-1] INFO  [org.xm.segword.recognition.Quantifier] - 初始化数量词
2016-08-11 09:08:38,115 [ForkJoinPool.commonPool-worker-1] INFO  [org.xm.segword.recognition.Quantifier] - 数量词初始化完毕，数量词个数：164
2016-08-11 09:08:38,115 [ForkJoinPool.commonPool-worker-1] INFO  [org.xm.segword.util.AutoDetector] - 完成加载资源，耗时3 毫秒
2016-08-11 09:08:38,119 [main] INFO  [org.xm.segword.util.AutoDetector] - 开始加载资源
2016-08-11 09:08:38,119 [main] INFO  [org.xm.segword.util.AutoDetector] - classpath:bigram.txt
2016-08-11 09:08:38,119 [main] INFO  [org.xm.segword.util.AutoDetector] - 类路径资源：bigram.txt
2016-08-11 09:08:38,119 [main] INFO  [org.xm.segword.util.AutoDetector] - 类路径资源URL：file:/D:/PyCredit/Blog/BlogMath/BlogCode/target/classes/bigram.txt
2016-08-11 09:08:38,120 [main] INFO  [org.xm.segword.util.AutoDetector] - 加载资源：D:\PyCredit\Blog\BlogMath\BlogCode\target\classes\bigram.txt
2016-08-11 09:08:38,385 [main] INFO  [org.xm.segword.util.AutoDetector] - 监控文件：D:\PyCredit\Blog\BlogMath\BlogCode\target\classes\bigram.txt
2016-08-11 09:08:38,385 [main] INFO  [org.xm.segword.util.DirectoryWatcher] - 注册事件：ENTRY_MODIFY
2016-08-11 09:08:38,385 [main] INFO  [org.xm.segword.util.DirectoryWatcher] - 注册事件：ENTRY_DELETE
2016-08-11 09:08:38,385 [main] INFO  [org.xm.segword.util.DirectoryWatcher] - 监控目录:D:\PyCredit\Blog\BlogMath\BlogCode\target\classes
2016-08-11 09:08:38,393 [main] INFO  [org.xm.segword.util.AutoDetector] - 加载资源 1519443 行
2016-08-11 09:08:38,393 [main] INFO  [org.xm.segword.corpus.Bigram] - 初始化bigram
2016-08-11 09:09:09,453 [main] INFO  [org.xm.segword.corpus.Bigram] - bigram初始化完毕，bigram数据条数：1519443
2016-08-11 09:09:09,454 [main] INFO  [org.xm.segword.util.AutoDetector] - 完成加载资源，耗时31335 毫秒
2016-08-11 09:09:09,645 [main] INFO  [org.xm.segword.util.AutoDetector] - 开始加载资源
2016-08-11 09:09:09,645 [main] INFO  [org.xm.segword.util.AutoDetector] - classpath:word_refine.txt
2016-08-11 09:09:09,645 [main] INFO  [org.xm.segword.util.AutoDetector] - 类路径资源：word_refine.txt
2016-08-11 09:09:09,645 [main] INFO  [org.xm.segword.util.AutoDetector] - 类路径资源URL：file:/D:/PyCredit/Blog/BlogMath/BlogCode/target/classes/word_refine.txt
2016-08-11 09:09:09,646 [main] INFO  [org.xm.segword.util.AutoDetector] - 加载资源：D:\PyCredit\Blog\BlogMath\BlogCode\target\classes\word_refine.txt
2016-08-11 09:09:09,646 [main] INFO  [org.xm.segword.util.AutoDetector] - 监控文件：D:\PyCredit\Blog\BlogMath\BlogCode\target\classes\word_refine.txt
2016-08-11 09:09:09,646 [main] INFO  [org.xm.segword.util.DirectoryWatcher] - 注册事件：ENTRY_MODIFY
2016-08-11 09:09:09,646 [main] INFO  [org.xm.segword.util.DirectoryWatcher] - 注册事件：ENTRY_DELETE
2016-08-11 09:09:09,705 [main] INFO  [org.xm.segword.util.DirectoryWatcher] - 监控目录:D:\PyCredit\Blog\BlogMath\BlogCode\target\classes
2016-08-11 09:09:09,751 [main] INFO  [org.xm.segword.util.AutoDetector] - 加载资源 4 行
2016-08-11 09:09:09,751 [main] INFO  [org.xm.segword.segmentation.WordRefiner] - 初始化WordRefiner
2016-08-11 09:09:09,752 [main] INFO  [org.xm.segword.segmentation.WordRefiner] - WordRefiner初始化完毕，数据条数：4
2016-08-11 09:09:09,752 [main] INFO  [org.xm.segword.util.AutoDetector] - 完成加载资源，耗时107 毫秒
2016-11-29 11:28:46,424 [main] ERROR [xm.sql.SQLUtil] - java.lang.ClassNotFoundException: com.mysql.jdbc.Driver
2016-11-29 11:28:46,475 [main] ERROR [xm.sql.SQLUtil] - get mysql db connection error.java.sql.SQLException: No suitable driver found for jdbc:mysql://127.0.0.1:3306/qa
2016-11-29 11:29:05,568 [main] ERROR [xm.sql.SQLUtil] - java.lang.ClassNotFoundException: com.mysql.jdbc.Driver
2016-11-29 11:29:05,578 [main] ERROR [xm.sql.SQLUtil] - get mysql db connection error.java.sql.SQLException: No suitable driver found for jdbc:mysql://127.0.0.1:3306/qa
2016-11-29 11:31:53,400 [main] ERROR [xm.sql.SQLUtil] - java.lang.ClassNotFoundException: com.mysql.jdbc.Driver
2016-11-29 11:31:53,407 [main] ERROR [xm.sql.SQLUtil] - get mysql db connection error.java.sql.SQLException: No suitable driver found for jdbc:mysql://127.0.0.1:3306/qa
2016-11-29 11:36:02,399 [main] ERROR [xm.sql.SQLUtil] - select error.
com.mysql.jdbc.exceptions.jdbc4.MySQLSyntaxErrorException: Unknown column 'ids' in 'field list'
	at sun.reflect.NativeConstructorAccessorImpl.newInstance0(Native Method) ~[na:1.8.0_91]
	at sun.reflect.NativeConstructorAccessorImpl.newInstance(NativeConstructorAccessorImpl.java:62) ~[na:1.8.0_91]
	at sun.reflect.DelegatingConstructorAccessorImpl.newInstance(DelegatingConstructorAccessorImpl.java:45) ~[na:1.8.0_91]
	at java.lang.reflect.Constructor.newInstance(Constructor.java:423) ~[na:1.8.0_91]
	at com.mysql.jdbc.Util.handleNewInstance(Util.java:411) ~[mysql-connector-java-5.1.18.jar:na]
	at com.mysql.jdbc.Util.getInstance(Util.java:386) ~[mysql-connector-java-5.1.18.jar:na]
	at com.mysql.jdbc.SQLError.createSQLException(SQLError.java:1052) ~[mysql-connector-java-5.1.18.jar:na]
	at com.mysql.jdbc.MysqlIO.checkErrorPacket(MysqlIO.java:3609) ~[mysql-connector-java-5.1.18.jar:na]
	at com.mysql.jdbc.MysqlIO.checkErrorPacket(MysqlIO.java:3541) ~[mysql-connector-java-5.1.18.jar:na]
	at com.mysql.jdbc.MysqlIO.sendCommand(MysqlIO.java:2002) ~[mysql-connector-java-5.1.18.jar:na]
	at com.mysql.jdbc.MysqlIO.sqlQueryDirect(MysqlIO.java:2163) ~[mysql-connector-java-5.1.18.jar:na]
	at com.mysql.jdbc.ConnectionImpl.execSQL(ConnectionImpl.java:2624) ~[mysql-connector-java-5.1.18.jar:na]
	at com.mysql.jdbc.PreparedStatement.executeInternal(PreparedStatement.java:2127) ~[mysql-connector-java-5.1.18.jar:na]
	at com.mysql.jdbc.PreparedStatement.executeQuery(PreparedStatement.java:2293) ~[mysql-connector-java-5.1.18.jar:na]
	at xm.sql.SQLUtil.getRewindEvidence(SQLUtil.java:78) [classes/:na]
	at xm.sql.SQLUtil.main(SQLUtil.java:93) [classes/:na]
	at sun.reflect.NativeMethodAccessorImpl.invoke0(Native Method) ~[na:1.8.0_91]
	at sun.reflect.NativeMethodAccessorImpl.invoke(NativeMethodAccessorImpl.java:62) ~[na:1.8.0_91]
	at sun.reflect.DelegatingMethodAccessorImpl.invoke(DelegatingMethodAccessorImpl.java:43) ~[na:1.8.0_91]
	at java.lang.reflect.Method.invoke(Method.java:498) ~[na:1.8.0_91]
	at com.intellij.rt.execution.application.AppMain.main(AppMain.java:147) [idea_rt.jar:na]
2016-11-29 13:43:07,716 [main] INFO  [xm.sql.SQLUtil] - 保存回带文本成功
2016-11-29 13:44:11,620 [main] INFO  [xm.sql.SQLUtil] - 保存回带文本成功
2016-11-29 13:51:45,574 [main] INFO  [xm.sql.SQLUtil] - 保存回带文本成功
2016-11-29 16:34:02,886 [main] INFO  [xm.qa.sql.SQLUtil] - 没有从数据库中查询到问题：baidu的创始人是哪个
2016-11-29 16:34:04,378 [main] ERROR [xm.qa.BaiduDataSource] - not found search result,page:1
2016-11-29 16:34:04,378 [main] INFO  [xm.qa.BaiduDataSource] - question:baidu的创始人是哪个 search evidence, size: 0.
2016-11-29 16:34:37,125 [main] INFO  [xm.qa.sql.SQLUtil] - 没有从数据库中查询到问题：baidu的创始人是谁
2016-11-29 16:34:37,979 [main] ERROR [xm.qa.BaiduDataSource] - not found search result,page:1
2016-11-29 16:34:37,981 [main] INFO  [xm.qa.BaiduDataSource] - question:baidu的创始人是谁 search evidence, size: 0.
2016-11-29 16:36:53,542 [main] INFO  [xm.qa.sql.SQLUtil] - 没有从数据库中查询到问题：baidu的创始人是谁
2016-11-29 16:38:06,040 [main] ERROR [xm.qa.BaiduDataSource] - not found search result,page:1
2016-11-29 16:38:06,043 [main] INFO  [xm.qa.BaiduDataSource] - question:baidu的创始人是谁 search evidence, size: 0.
2016-11-29 16:38:09,316 [main] INFO  [xm.qa.sql.SQLUtil] - 没有从数据库中查询到问题：baidu的创始人是谁
2016-11-29 16:46:47,856 [main] ERROR [xm.qa.BaiduDataSource] - not found search result,page:1
2016-11-29 16:46:47,856 [main] INFO  [xm.qa.BaiduDataSource] - question:baidu的创始人是谁 search evidence, size: 0.
2016-11-29 16:47:23,024 [main] INFO  [xm.qa.sql.SQLUtil] - 没有从数据库中查询到问题：baidu的创始人是谁
2016-11-29 16:47:23,613 [main] ERROR [xm.qa.BaiduDataSource] - not found search result,page:1
2016-11-29 16:47:23,614 [main] INFO  [xm.qa.BaiduDataSource] - question:baidu的创始人是谁 search evidence, size: 0.
2016-11-29 16:49:10,860 [main] INFO  [xm.qa.sql.SQLUtil] - 没有从数据库中查询到问题：baidu的创始人是谁
2016-11-29 16:49:11,342 [main] INFO  [xm.qa.BaiduDataSource] - question:baidu的创始人是谁 search evidence, size: 9.
2016-11-29 16:49:11,668 [main] INFO  [xm.qa.sql.SQLUtil] - 保存问题成功
2016-11-29 16:49:11,777 [main] INFO  [xm.qa.sql.SQLUtil] - 保存证据 1 成功
2016-11-29 16:49:11,894 [main] INFO  [xm.qa.sql.SQLUtil] - 保存证据 2 成功
2016-11-29 16:49:12,059 [main] INFO  [xm.qa.sql.SQLUtil] - 保存证据 3 成功
2016-11-29 16:49:12,201 [main] INFO  [xm.qa.sql.SQLUtil] - 保存证据 4 成功
2016-11-29 16:49:12,242 [main] INFO  [xm.qa.sql.SQLUtil] - 保存证据 5 成功
2016-11-29 16:49:12,356 [main] INFO  [xm.qa.sql.SQLUtil] - 保存证据 6 成功
2016-11-29 16:49:12,412 [main] INFO  [xm.qa.sql.SQLUtil] - 保存证据 7 成功
2016-11-29 16:49:12,469 [main] INFO  [xm.qa.sql.SQLUtil] - 保存证据 8 成功
2016-11-29 16:49:12,517 [main] INFO  [xm.qa.sql.SQLUtil] - 保存证据 9 成功
2016-11-29 16:51:10,611 [main] INFO  [xm.qa.sql.SQLUtil] - 没有从数据库中查询到问题：baidu的有多少钱
2016-11-29 16:51:11,671 [main] INFO  [xm.qa.BaiduDataSource] - question:baidu的有多少钱 search evidence, size: 8.
2016-11-29 16:51:11,985 [main] INFO  [xm.qa.sql.SQLUtil] - 保存问题成功
2016-11-29 16:51:12,026 [main] INFO  [xm.qa.sql.SQLUtil] - 保存证据 1 成功
2016-11-29 16:51:12,116 [main] INFO  [xm.qa.sql.SQLUtil] - 保存证据 2 成功
2016-11-29 16:51:12,143 [main] INFO  [xm.qa.sql.SQLUtil] - 保存证据 3 成功
2016-11-29 16:51:12,218 [main] INFO  [xm.qa.sql.SQLUtil] - 保存证据 4 成功
2016-11-29 16:51:12,251 [main] INFO  [xm.qa.sql.SQLUtil] - 保存证据 5 成功
2016-11-29 16:51:12,276 [main] INFO  [xm.qa.sql.SQLUtil] - 保存证据 6 成功
2016-11-29 16:51:12,304 [main] INFO  [xm.qa.sql.SQLUtil] - 保存证据 7 成功
2016-11-29 16:51:12,326 [main] INFO  [xm.qa.sql.SQLUtil] - 保存证据 8 成功
2016-11-29 16:52:04,752 [main] INFO  [xm.qa.sql.SQLUtil] - 没有从数据库中查询到问题：baidu的市值有多少钱
2016-11-29 16:52:05,634 [main] INFO  [xm.qa.BaiduDataSource] - question:baidu的市值有多少钱 search evidence, size: 10.
2016-11-29 16:52:05,734 [main] INFO  [xm.qa.sql.SQLUtil] - 保存问题成功
2016-11-29 16:52:05,854 [main] INFO  [xm.qa.sql.SQLUtil] - 保存证据 1 成功
2016-11-29 16:52:06,161 [main] INFO  [xm.qa.sql.SQLUtil] - 保存证据 2 成功
2016-11-29 16:52:06,195 [main] INFO  [xm.qa.sql.SQLUtil] - 保存证据 3 成功
2016-11-29 16:52:06,284 [main] INFO  [xm.qa.sql.SQLUtil] - 保存证据 4 成功
2016-11-29 16:52:06,361 [main] INFO  [xm.qa.sql.SQLUtil] - 保存证据 5 成功
2016-11-29 16:52:06,397 [main] INFO  [xm.qa.sql.SQLUtil] - 保存证据 6 成功
2016-11-29 16:52:06,422 [main] INFO  [xm.qa.sql.SQLUtil] - 保存证据 7 成功
2016-11-29 16:52:06,445 [main] INFO  [xm.qa.sql.SQLUtil] - 保存证据 8 成功
2016-11-29 16:52:06,470 [main] INFO  [xm.qa.sql.SQLUtil] - 保存证据 9 成功
2016-11-29 16:52:06,495 [main] INFO  [xm.qa.sql.SQLUtil] - 保存证据 10 成功
2016-11-29 16:53:52,758 [main] INFO  [xm.qa.BaiduDataSource] - select question from db:baidu的市值有多少钱
2016-11-29 16:55:10,295 [main] INFO  [xm.qa.sql.SQLUtil] - 没有从数据库中查询到问题：江阴
2016-11-29 16:55:10,842 [main] INFO  [xm.qa.BaiduDataSource] - question:江阴 search evidence, size: 5.
2016-11-29 17:17:06,919 [main] INFO  [xm.qa.sql.SQLUtil] - 没有从数据库中查询到问题：安陆
2016-11-29 17:18:04,319 [main] ERROR [xm.qa.BaiduDataSource] - not found search result,page:1
2016-11-29 17:18:06,069 [main] INFO  [xm.qa.BaiduDataSource] - question:安陆 search evidence, size: 0.
2016-11-29 17:18:38,406 [main] INFO  [xm.qa.sql.SQLUtil] - 没有从数据库中查询到问题：安陆
2016-11-29 17:24:27,193 [main] ERROR [xm.qa.BaiduDataSource] - not found search result,page:1
2016-11-29 17:24:27,193 [main] INFO  [xm.qa.BaiduDataSource] - question:安陆 search evidence, size: 0.
2016-11-29 17:24:37,041 [main] INFO  [xm.qa.sql.SQLUtil] - 没有从数据库中查询到问题：安陆
2016-11-29 17:26:22,334 [main] ERROR [xm.qa.BaiduDataSource] - not found search result,page:1
2016-11-29 17:26:22,334 [main] INFO  [xm.qa.BaiduDataSource] - question:安陆 search evidence, size: 0.
2016-11-29 17:26:26,863 [main] INFO  [xm.qa.sql.SQLUtil] - 没有从数据库中查询到问题：安陆
2016-11-29 17:27:31,260 [main] ERROR [xm.qa.BaiduDataSource] - not found search result,page:1
2016-11-29 17:27:31,260 [main] INFO  [xm.qa.BaiduDataSource] - question:安陆 search evidence, size: 0.
2016-11-29 17:27:36,561 [main] INFO  [xm.qa.sql.SQLUtil] - 没有从数据库中查询到问题：安陆
2016-11-29 17:28:09,746 [main] ERROR [xm.qa.BaiduDataSource] - not found search result,page:1
2016-11-29 17:28:51,042 [main] INFO  [xm.qa.BaiduDataSource] - question:安陆 search evidence, size: 0.
2016-11-29 17:28:55,789 [main] INFO  [xm.qa.sql.SQLUtil] - 没有从数据库中查询到问题：安陆
2016-11-29 17:29:40,157 [main] ERROR [xm.qa.BaiduDataSource] - not found search result,page:1
2016-11-29 17:29:40,158 [main] INFO  [xm.qa.BaiduDataSource] - question:安陆 search evidence, size: 0.
2016-11-29 17:29:46,394 [main] INFO  [xm.qa.sql.SQLUtil] - 没有从数据库中查询到问题：安陆
2016-11-29 17:34:09,157 [main] ERROR [xm.qa.BaiduDataSource] - not found search result,page:1
2016-11-29 17:34:09,157 [main] INFO  [xm.qa.BaiduDataSource] - question:安陆 search evidence, size: 0.
2016-11-29 17:34:20,441 [main] INFO  [xm.qa.sql.SQLUtil] - 没有从数据库中查询到问题：安陆
2016-11-29 17:47:59,675 [main] ERROR [xm.qa.BaiduDataSource] - not found search result,page:1
2016-11-29 17:47:59,676 [main] INFO  [xm.qa.BaiduDataSource] - question:安陆 search evidence, size: 0.
2016-11-29 17:48:06,238 [main] INFO  [xm.qa.sql.SQLUtil] - 没有从数据库中查询到问题：安陆
2016-11-29 17:52:24,275 [main] ERROR [xm.qa.BaiduDataSource] - not found search result,page:1
2016-11-29 17:52:24,275 [main] INFO  [xm.qa.BaiduDataSource] - question:安陆 search evidence, size: 0.
2016-11-29 17:52:28,948 [main] INFO  [xm.qa.sql.SQLUtil] - 没有从数据库中查询到问题：安陆
2016-11-29 18:01:28,462 [main] ERROR [xm.qa.BaiduDataSource] - search error.
org.jsoup.select.Selector$SelectorParseException: Could not parse query 'class="title-text"': unexpected token at '="title-text"'
	at org.jsoup.select.QueryParser.findElements(QueryParser.java:195) ~[jsoup-1.7.2.jar:na]
	at org.jsoup.select.QueryParser.parse(QueryParser.java:64) ~[jsoup-1.7.2.jar:na]
	at org.jsoup.select.QueryParser.parse(QueryParser.java:38) ~[jsoup-1.7.2.jar:na]
	at org.jsoup.select.QueryParser.combinator(QueryParser.java:80) ~[jsoup-1.7.2.jar:na]
	at org.jsoup.select.QueryParser.parse(QueryParser.java:62) ~[jsoup-1.7.2.jar:na]
	at org.jsoup.select.QueryParser.parse(QueryParser.java:38) ~[jsoup-1.7.2.jar:na]
	at org.jsoup.select.Selector.<init>(Selector.java:80) ~[jsoup-1.7.2.jar:na]
	at org.jsoup.select.Selector.select(Selector.java:93) ~[jsoup-1.7.2.jar:na]
	at org.jsoup.nodes.Element.select(Element.java:252) ~[jsoup-1.7.2.jar:na]
	at xm.qa.place.BaikeDataSource.searchBaike(BaikeDataSource.java:122) [classes/:na]
	at xm.qa.place.BaikeDataSource.getAnswerByQuestion(BaikeDataSource.java:83) [classes/:na]
	at xm.qa.place.BaikeDataSource.getQuestion(BaikeDataSource.java:58) [classes/:na]
	at xm.qa.place.BaikeDataSource.main(BaikeDataSource.java:147) [classes/:na]
2016-11-29 18:01:28,462 [main] ERROR [xm.qa.BaiduDataSource] - not found search result,page:1
2016-11-29 18:01:28,462 [main] INFO  [xm.qa.BaiduDataSource] - question:安陆 search evidence, size: 0.
2016-11-29 18:01:34,567 [main] INFO  [xm.qa.sql.SQLUtil] - 没有从数据库中查询到问题：安陆
2016-11-29 18:02:29,024 [main] ERROR [xm.qa.BaiduDataSource] - not found search result,page:1
2016-11-29 18:02:29,024 [main] INFO  [xm.qa.BaiduDataSource] - question:安陆 search evidence, size: 0.
2016-11-29 18:03:31,063 [main] INFO  [xm.qa.sql.SQLUtil] - 没有从数据库中查询到问题：安陆
2016-11-29 18:04:36,817 [main] ERROR [xm.qa.BaiduDataSource] - not found search result,page:1
2016-11-29 18:04:36,817 [main] INFO  [xm.qa.BaiduDataSource] - question:安陆 search evidence, size: 0.
2016-11-29 18:04:50,433 [main] INFO  [xm.qa.sql.SQLUtil] - 没有从数据库中查询到问题：安陆
2016-11-29 18:06:04,600 [main] ERROR [xm.qa.BaiduDataSource] - not found search result,page:1
2016-11-29 18:06:04,600 [main] INFO  [xm.qa.BaiduDataSource] - question:安陆 search evidence, size: 0.
2016-11-29 18:06:09,307 [main] INFO  [xm.qa.sql.SQLUtil] - 没有从数据库中查询到问题：安陆
2016-11-29 18:06:26,140 [main] INFO  [xm.qa.BaiduDataSource] - title is 行政区划
2016-11-29 18:07:16,781 [main] INFO  [xm.qa.BaiduDataSource] - question:安陆 search evidence, size: 1.
2016-11-29 18:09:09,520 [main] INFO  [xm.qa.sql.SQLUtil] - 没有从数据库中查询到问题：安陆
2016-11-29 18:10:04,494 [main] INFO  [xm.qa.BaiduDataSource] - title is 行政区划
2016-11-29 18:10:04,498 [main] INFO  [xm.qa.BaiduDataSource] - question:安陆 search evidence, size: 1.
2016-11-29 18:11:12,535 [main] INFO  [xm.qa.sql.SQLUtil] - 没有从数据库中查询到问题：江阴是在哪个省
2016-11-29 18:11:13,487 [main] INFO  [xm.qa.BaiduDataSource] - question:江阴是在哪个省 search evidence, size: 9.
2016-11-29 18:11:13,984 [main] INFO  [xm.qa.sql.SQLUtil] - 保存问题成功
2016-11-30 08:58:15,120 [main] INFO  [xm.qa.sql.SQLUtil] - 没有从数据库中查询到问题：孝感
2016-11-30 08:58:19,023 [main] INFO  [xm.qa.BaiduDataSource] - title is 行政区划
2016-11-30 08:58:19,023 [main] INFO  [xm.qa.BaiduDataSource] - title is 行政区划
2016-11-30 08:58:19,023 [main] INFO  [xm.qa.BaiduDataSource] - title is 行政区划
2016-11-30 08:58:19,023 [main] INFO  [xm.qa.BaiduDataSource] - title is 行政区划
2016-11-30 08:58:19,023 [main] INFO  [xm.qa.BaiduDataSource] - title is 行政区划
2016-11-30 08:58:19,023 [main] INFO  [xm.qa.BaiduDataSource] - title is 行政区划
2016-11-30 08:58:19,023 [main] INFO  [xm.qa.BaiduDataSource] - title is 行政区划
2016-11-30 08:58:19,023 [main] INFO  [xm.qa.BaiduDataSource] - title is 行政区划
2016-11-30 08:58:19,023 [main] INFO  [xm.qa.BaiduDataSource] - title is 行政区划
2016-11-30 08:58:19,023 [main] INFO  [xm.qa.BaiduDataSource] - title is 行政区划
2016-11-30 08:58:19,024 [main] INFO  [xm.qa.BaiduDataSource] - title is 行政区划
2016-11-30 08:58:19,024 [main] INFO  [xm.qa.BaiduDataSource] - title is 行政区划
2016-11-30 08:58:19,024 [main] INFO  [xm.qa.BaiduDataSource] - title is 行政区划
2016-11-30 08:58:19,024 [main] INFO  [xm.qa.BaiduDataSource] - title is 行政区划
2016-11-30 08:58:19,024 [main] INFO  [xm.qa.BaiduDataSource] - title is 行政区划
2016-11-30 08:58:19,024 [main] ERROR [xm.qa.BaiduDataSource] - not found search result,page:1
2016-11-30 08:58:19,024 [main] INFO  [xm.qa.BaiduDataSource] - question:孝感 search evidence, size: 0.
2016-11-30 09:01:10,324 [main] INFO  [xm.qa.sql.SQLUtil] - 没有从数据库中查询到问题：孝感
2016-11-30 09:01:13,805 [main] INFO  [xm.qa.BaiduDataSource] - title is 行政区划
2016-11-30 09:01:28,105 [main] INFO  [xm.qa.BaiduDataSource] - question:孝感 search evidence, size: 1.
2016-11-30 09:01:28,177 [main] INFO  [xm.qa.sql.SQLUtil] - 没有从数据库中查询到问题：
2016-11-30 09:01:28,382 [main] ERROR [xm.qa.BaiduDataSource] - not found search result,page:1
2016-11-30 09:01:28,382 [main] INFO  [xm.qa.BaiduDataSource] - question: search evidence, size: 0.
2016-11-30 09:01:28,445 [main] INFO  [xm.qa.sql.SQLUtil] - 没有从数据库中查询到问题：江阴
2016-11-30 09:01:28,872 [main] INFO  [xm.qa.BaiduDataSource] - title is 行政区划
2016-11-30 09:01:28,872 [main] INFO  [xm.qa.BaiduDataSource] - question:江阴 search evidence, size: 1.
2016-11-30 09:01:29,006 [main] INFO  [xm.qa.sql.SQLUtil] - 没有从数据库中查询到问题：博爱
2016-11-30 09:01:29,296 [main] INFO  [xm.qa.BaiduDataSource] - title is 行政区划
2016-11-30 09:01:29,297 [main] INFO  [xm.qa.BaiduDataSource] - question:博爱 search evidence, size: 1.
2016-11-30 09:01:29,351 [main] INFO  [xm.qa.sql.SQLUtil] - 没有从数据库中查询到问题：焦作
2016-11-30 09:01:36,491 [main] INFO  [xm.qa.sql.SQLUtil] - 没有从数据库中查询到问题：孝感
2016-11-30 09:01:39,717 [main] ERROR [xm.qa.BaiduDataSource] - not found search result,page:1
2016-11-30 09:01:39,718 [main] INFO  [xm.qa.BaiduDataSource] - question:孝感 search evidence, size: 0.
2016-11-30 09:01:39,773 [main] INFO  [xm.qa.sql.SQLUtil] - 没有从数据库中查询到问题：
2016-11-30 09:01:44,220 [main] ERROR [xm.qa.BaiduDataSource] - not found search result,page:1
2016-11-30 09:01:44,220 [main] INFO  [xm.qa.BaiduDataSource] - question: search evidence, size: 0.
2016-11-30 09:01:44,247 [main] INFO  [xm.qa.sql.SQLUtil] - 没有从数据库中查询到问题：江阴
2016-11-30 09:01:50,234 [main] INFO  [xm.qa.BaiduDataSource] - title is 行政区划
2016-11-30 09:02:18,651 [main] INFO  [xm.qa.BaiduDataSource] - question:江阴 search evidence, size: 1.
2016-11-30 09:02:26,420 [main] INFO  [xm.qa.sql.SQLUtil] - 没有从数据库中查询到问题：博爱
2016-11-30 09:02:57,158 [main] INFO  [xm.qa.BaiduDataSource] - title is 行政区划
2016-11-30 09:02:59,710 [main] INFO  [xm.qa.BaiduDataSource] - question:博爱 search evidence, size: 1.
2016-11-30 09:02:59,739 [main] INFO  [xm.qa.sql.SQLUtil] - 没有从数据库中查询到问题：焦作
2016-11-30 09:03:00,130 [main] INFO  [xm.qa.BaiduDataSource] - title is 行政区划
2016-11-30 09:03:00,130 [main] INFO  [xm.qa.BaiduDataSource] - question:焦作 search evidence, size: 1.
2016-11-30 09:03:00,153 [main] INFO  [xm.qa.sql.SQLUtil] - 没有从数据库中查询到问题：黄石
2016-11-30 09:03:00,404 [main] INFO  [xm.qa.BaiduDataSource] - title is 行政区划
2016-11-30 09:03:00,405 [main] INFO  [xm.qa.BaiduDataSource] - question:黄石 search evidence, size: 1.
2016-11-30 09:03:00,428 [main] INFO  [xm.qa.sql.SQLUtil] - 没有从数据库中查询到问题：安陆
2016-11-30 09:03:00,567 [main] INFO  [xm.qa.BaiduDataSource] - title is 行政区划
2016-11-30 09:03:00,567 [main] INFO  [xm.qa.BaiduDataSource] - question:安陆 search evidence, size: 1.
2016-11-30 09:03:00,604 [main] INFO  [xm.qa.sql.SQLUtil] - 没有从数据库中查询到问题：随州
2016-11-30 09:03:00,739 [main] INFO  [xm.qa.BaiduDataSource] - title is 行政区划
2016-11-30 09:03:00,739 [main] INFO  [xm.qa.BaiduDataSource] - question:随州 search evidence, size: 1.
2016-11-30 09:04:14,580 [main] INFO  [xm.qa.sql.SQLUtil] - 没有从数据库中查询到问题：孝感
2016-11-30 09:04:26,073 [main] ERROR [xm.qa.BaiduDataSource] - not found search result,page:1
2016-11-30 09:04:26,073 [main] INFO  [xm.qa.BaiduDataSource] - question:孝感 search evidence, size: 0.
2016-11-30 09:04:26,122 [main] INFO  [xm.qa.sql.SQLUtil] - 没有从数据库中查询到问题：
2016-11-30 09:04:27,827 [main] ERROR [xm.qa.BaiduDataSource] - not found search result,page:1
2016-11-30 09:04:27,827 [main] INFO  [xm.qa.BaiduDataSource] - question: search evidence, size: 0.
2016-11-30 09:04:27,850 [main] INFO  [xm.qa.sql.SQLUtil] - 没有从数据库中查询到问题：江阴
2016-11-30 09:04:28,279 [main] INFO  [xm.qa.BaiduDataSource] - title is 江阴行政区划
2016-11-30 09:04:36,469 [main] INFO  [xm.qa.BaiduDataSource] - question:江阴 search evidence, size: 1.
2016-11-30 09:04:36,737 [main] INFO  [xm.qa.sql.SQLUtil] - 保存问题成功
2016-11-30 09:04:36,818 [main] INFO  [xm.qa.sql.SQLUtil] - 没有从数据库中查询到问题：博爱
2016-11-30 09:04:37,352 [main] INFO  [xm.qa.BaiduDataSource] - title is 博爱县行政区划
2016-11-30 09:04:40,520 [main] INFO  [xm.qa.BaiduDataSource] - question:博爱 search evidence, size: 1.
2016-11-30 09:04:40,644 [main] INFO  [xm.qa.sql.SQLUtil] - 保存问题成功
2016-11-30 09:04:40,776 [main] INFO  [xm.qa.sql.SQLUtil] - 没有从数据库中查询到问题：焦作
2016-11-30 09:04:41,417 [main] INFO  [xm.qa.BaiduDataSource] - title is 焦作行政区划
2016-11-30 09:04:43,451 [main] INFO  [xm.qa.BaiduDataSource] - question:焦作 search evidence, size: 1.
2016-11-30 09:04:43,516 [main] INFO  [xm.qa.sql.SQLUtil] - 保存问题成功
2016-11-30 09:04:43,575 [main] INFO  [xm.qa.sql.SQLUtil] - 没有从数据库中查询到问题：黄石
2016-11-30 09:04:44,086 [main] INFO  [xm.qa.BaiduDataSource] - title is 黄石行政区划
2016-11-30 09:04:47,026 [main] INFO  [xm.qa.BaiduDataSource] - question:黄石 search evidence, size: 1.
2016-11-30 09:04:47,086 [main] INFO  [xm.qa.sql.SQLUtil] - 保存问题成功
2016-11-30 09:04:47,127 [main] INFO  [xm.qa.sql.SQLUtil] - 没有从数据库中查询到问题：安陆
2016-11-30 09:04:47,290 [main] INFO  [xm.qa.BaiduDataSource] - title is 安陆行政区划
2016-11-30 09:04:55,745 [main] INFO  [xm.qa.BaiduDataSource] - question:安陆 search evidence, size: 1.
2016-11-30 09:04:55,817 [main] INFO  [xm.qa.sql.SQLUtil] - 保存问题成功
2016-11-30 09:04:55,880 [main] INFO  [xm.qa.sql.SQLUtil] - 没有从数据库中查询到问题：随州
2016-11-30 09:04:56,265 [main] INFO  [xm.qa.BaiduDataSource] - title is 随州行政区划
2016-11-30 09:04:58,158 [main] INFO  [xm.qa.BaiduDataSource] - question:随州 search evidence, size: 1.
2016-11-30 09:04:58,219 [main] INFO  [xm.qa.sql.SQLUtil] - 保存问题成功
2016-11-30 09:06:51,649 [main] INFO  [xm.qa.sql.SQLUtil] - 没有从数据库中查询到问题：孝感
2016-11-30 09:06:52,337 [main] ERROR [xm.qa.BaiduDataSource] - not found search result,page:1
2016-11-30 09:06:52,338 [main] INFO  [xm.qa.BaiduDataSource] - question:孝感 search evidence, size: 0.
2016-11-30 09:06:52,382 [main] INFO  [xm.qa.sql.SQLUtil] - 没有从数据库中查询到问题：
2016-11-30 09:06:52,533 [main] ERROR [xm.qa.BaiduDataSource] - not found search result,page:1
2016-11-30 09:06:52,534 [main] INFO  [xm.qa.BaiduDataSource] - question: search evidence, size: 0.
2016-11-30 09:06:52,643 [main] INFO  [xm.qa.BaiduDataSource] - select question from db:江阴
2016-11-30 09:06:52,670 [main] INFO  [xm.qa.BaiduDataSource] - select question from db:博爱
2016-11-30 09:06:52,703 [main] INFO  [xm.qa.BaiduDataSource] - select question from db:焦作
2016-11-30 09:06:52,778 [main] INFO  [xm.qa.BaiduDataSource] - select question from db:黄石
2016-11-30 09:06:52,833 [main] INFO  [xm.qa.BaiduDataSource] - select question from db:安陆
2016-11-30 09:06:52,867 [main] INFO  [xm.qa.BaiduDataSource] - select question from db:随州
2016-11-30 09:10:14,573 [main] INFO  [xm.qa.sql.SQLUtil] - 没有从数据库中查询到问题：孝感
2016-11-30 09:10:15,768 [main] INFO  [xm.qa.BaiduDataSource] - title is 孝感区划
2016-11-30 09:10:15,769 [main] INFO  [xm.qa.BaiduDataSource] - question:孝感 search evidence, size: 1.
2016-11-30 09:10:15,834 [main] INFO  [xm.qa.sql.SQLUtil] - 保存问题成功
2016-11-30 09:10:15,955 [main] INFO  [xm.qa.sql.SQLUtil] - 没有从数据库中查询到问题：应城
2016-11-30 09:10:16,181 [main] INFO  [xm.qa.BaiduDataSource] - title is 应城行政区划
2016-11-30 09:10:16,182 [main] INFO  [xm.qa.BaiduDataSource] - question:应城 search evidence, size: 1.
2016-11-30 09:10:16,257 [main] INFO  [xm.qa.sql.SQLUtil] - 保存问题成功
2016-11-30 09:10:16,678 [main] INFO  [xm.qa.BaiduDataSource] - select question from db:江阴
2016-11-30 09:10:16,705 [main] INFO  [xm.qa.BaiduDataSource] - select question from db:博爱
2016-11-30 09:10:16,730 [main] INFO  [xm.qa.BaiduDataSource] - select question from db:焦作
2016-11-30 09:10:16,747 [main] INFO  [xm.qa.BaiduDataSource] - select question from db:黄石
2016-11-30 09:10:16,766 [main] INFO  [xm.qa.BaiduDataSource] - select question from db:安陆
2016-11-30 09:10:16,788 [main] INFO  [xm.qa.BaiduDataSource] - select question from db:随州
2016-11-30 09:11:46,274 [main] INFO  [xm.qa.BaiduDataSource] - select question from db:孝感
2016-11-30 09:11:46,347 [main] INFO  [xm.qa.BaiduDataSource] - select question from db:应城
2016-11-30 09:11:46,361 [main] INFO  [xm.qa.BaiduDataSource] - select question from db:江阴
2016-11-30 09:11:46,409 [main] INFO  [xm.qa.BaiduDataSource] - select question from db:博爱
2016-11-30 09:11:46,432 [main] INFO  [xm.qa.BaiduDataSource] - select question from db:焦作
2016-11-30 09:11:46,467 [main] INFO  [xm.qa.BaiduDataSource] - select question from db:黄石
2016-11-30 09:11:46,511 [main] INFO  [xm.qa.BaiduDataSource] - select question from db:安陆
2016-11-30 09:11:46,559 [main] INFO  [xm.qa.BaiduDataSource] - select question from db:随州
2016-11-30 09:11:46,571 [main] INFO  [xm.qa.sql.SQLUtil] - 没有从数据库中查询到问题：白玉
2016-11-30 09:11:47,416 [main] ERROR [xm.qa.BaiduDataSource] - not found search result,page:1
2016-11-30 09:11:47,416 [main] INFO  [xm.qa.BaiduDataSource] - question:白玉 search evidence, size: 0.
2016-11-30 09:11:47,433 [main] INFO  [xm.qa.sql.SQLUtil] - 没有从数据库中查询到问题：凤凰
2016-11-30 09:11:48,030 [main] INFO  [xm.qa.BaiduDataSource] - title is 凤凰古城地理环境
2016-11-30 09:11:48,037 [main] INFO  [xm.qa.BaiduDataSource] - question:凤凰 search evidence, size: 1.
2016-11-30 09:11:48,181 [main] INFO  [xm.qa.sql.SQLUtil] - 保存问题成功
2016-11-30 09:11:48,310 [main] INFO  [xm.qa.sql.SQLUtil] - 没有从数据库中查询到问题：罗湖
2016-11-30 09:11:48,584 [main] INFO  [xm.qa.BaiduDataSource] - title is 罗湖区行政区划
2016-11-30 09:11:48,584 [main] INFO  [xm.qa.BaiduDataSource] - question:罗湖 search evidence, size: 1.
2016-11-30 09:11:48,661 [main] INFO  [xm.qa.sql.SQLUtil] - 保存问题成功
